Determining if the pthread_create exist failed with the following output:
Change Dir: /home/jinmuyan/catkin_ws/src/VINS-Mono/build-vins_estimator-Desktop-Default/CMakeFiles/CMakeTmp

Run Build Command:/usr/bin/make "cmTryCompileExec3171221543/fast"
/usr/bin/make -f CMakeFiles/cmTryCompileExec3171221543.dir/build.make CMakeFiles/cmTryCompileExec3171221543.dir/build
make[1]: Entering directory `/home/jinmuyan/catkin_ws/src/VINS-Mono/build-vins_estimator-Desktop-Default/CMakeFiles/CMakeTmp'
/usr/bin/cmake -E cmake_progress_report /home/jinmuyan/catkin_ws/src/VINS-Mono/build-vins_estimator-Desktop-Default/CMakeFiles/CMakeTmp/CMakeFiles 1
Building C object CMakeFiles/cmTryCompileExec3171221543.dir/CheckSymbolExists.c.o
/usr/bin/cc    -o CMakeFiles/cmTryCompileExec3171221543.dir/CheckSymbolExists.c.o   -c /home/jinmuyan/catkin_ws/src/VINS-Mono/build-vins_estimator-Desktop-Default/CMakeFiles/CMakeTmp/CheckSymbolExists.c
Linking C executable cmTryCompileExec3171221543
/usr/bin/cmake -E cmake_link_script CMakeFiles/cmTryCompileExec3171221543.dir/link.txt --verbose=1
/usr/bin/cc       CMakeFiles/cmTryCompileExec3171221543.dir/CheckSymbolExists.c.o  -o cmTryCompileExec3171221543 -rdynamic 
CMakeFiles/cmTryCompileExec3171221543.dir/CheckSymbolExists.c.o: In function `main':
CheckSymbolExists.c:(.text+0x16): undefined reference to `pthread_create'
collect2: error: ld returned 1 exit status
make[1]: Leaving directory `/home/jinmuyan/catkin_ws/src/VINS-Mono/build-vins_estimator-Desktop-Default/CMakeFiles/CMakeTmp'
make[1]: *** [cmTryCompileExec3171221543] Error 1
make: *** [cmTryCompileExec3171221543/fast] Error 2

File /home/jinmuyan/catkin_ws/src/VINS-Mono/build-vins_estimator-Desktop-Default/CMakeFiles/CMakeTmp/CheckSymbolExists.c:
/* */
#include <pthread.h>

int main(int argc, char** argv)
{
  (void)argv;
#ifndef pthread_create
  return ((int*)(&pthread_create))[argc];
#else
  (void)argc;
  return 0;
#endif
}

Determining if the function pthread_create exists in the pthreads failed with the following output:
Change Dir: /home/jinmuyan/catkin_ws/src/VINS-Mono/build-vins_estimator-Desktop-Default/CMakeFiles/CMakeTmp

Run Build Command:/usr/bin/make "cmTryCompileExec2498496836/fast"
/usr/bin/make -f CMakeFiles/cmTryCompileExec2498496836.dir/build.make CMakeFiles/cmTryCompileExec2498496836.dir/build
make[1]: Entering directory `/home/jinmuyan/catkin_ws/src/VINS-Mono/build-vins_estimator-Desktop-Default/CMakeFiles/CMakeTmp'
/usr/bin/cmake -E cmake_progress_report /home/jinmuyan/catkin_ws/src/VINS-Mono/build-vins_estimator-Desktop-Default/CMakeFiles/CMakeTmp/CMakeFiles 1
Building C object CMakeFiles/cmTryCompileExec2498496836.dir/CheckFunctionExists.c.o
/usr/bin/cc   -DCHECK_FUNCTION_EXISTS=pthread_create   -o CMakeFiles/cmTryCompileExec2498496836.dir/CheckFunctionExists.c.o   -c /usr/share/cmake-2.8/Modules/CheckFunctionExists.c
Linking C executable cmTryCompileExec2498496836
/usr/bin/cmake -E cmake_link_script CMakeFiles/cmTryCompileExec2498496836.dir/link.txt --verbose=1
/usr/bin/cc   -DCHECK_FUNCTION_EXISTS=pthread_create    CMakeFiles/cmTryCompileExec2498496836.dir/CheckFunctionExists.c.o  -o cmTryCompileExec2498496836 -rdynamic -lpthreads 
/usr/bin/ld: cannot find -lpthreads
collect2: error: ld returned 1 exit status
make[1]: Leaving directory `/home/jinmuyan/catkin_ws/src/VINS-Mono/build-vins_estimator-Desktop-Default/CMakeFiles/CMakeTmp'
make[1]: *** [cmTryCompileExec2498496836] Error 1
make: *** [cmTryCompileExec2498496836/fast] Error 2


